<?xml version="1.0" encoding="UTF-8" ?>
<testsuite tests="2" failures="0" name="org.seasar.sastruts.example.action.EchoActionTest" time="0.216" errors="1" skipped="0">
  <properties>
[...]
</properties>
  <testcase classname="org.seasar.sastruts.example.action.EchoActionTest" name="indexTest" time="0.008"/>
  <testcase classname="org.seasar.sastruts.example.action.EchoActionTest" name="usersTest" time="0.208">
    <error type="java.lang.NullPointerException">java.lang.NullPointerException
	at org.seasar.sastruts.example.action.EchoAction.users(EchoAction.java:40)
	at org.seasar.sastruts.example.action.EchoActionTest.usersTest(EchoActionTest.java:45)
	at sun.reflect.NativeMethodAccessorImpl.invoke0(Native Method)
	at sun.reflect.NativeMethodAccessorImpl.invoke(NativeMethodAccessorImpl.java:62)
	at sun.reflect.DelegatingMethodAccessorImpl.invoke(DelegatingMethodAccessorImpl.java:43)
	at java.lang.reflect.Method.invoke(Method.java:498)
	at org.junit.internal.runners.TestMethod.invoke(TestMethod.java:59)
	at org.junit.internal.runners.MethodRoadie.runTestMethod(MethodRoadie.java:98)
	at org.junit.internal.runners.MethodRoadie$2.run(MethodRoadie.java:79)
	at org.junit.internal.runners.MethodRoadie.runBeforesThenTestThenAfters(MethodRoadie.java:87)
	at org.junit.internal.runners.MethodRoadie.runTest(MethodRoadie.java:77)
	at org.junit.internal.runners.MethodRoadie.run(MethodRoadie.java:42)
	at org.junit.internal.runners.JUnit4ClassRunner.invokeTestMethod(JUnit4ClassRunner.java:88)
	at org.junit.internal.runners.JUnit4ClassRunner.runMethods(JUnit4ClassRunner.java:51)
	at org.junit.internal.runners.JUnit4ClassRunner$1.run(JUnit4ClassRunner.java:44)
	at org.junit.internal.runners.ClassRoadie.runUnprotected(ClassRoadie.java:27)
	at org.junit.internal.runners.ClassRoadie.runProtected(ClassRoadie.java:37)
	at org.junit.internal.runners.JUnit4ClassRunner.run(JUnit4ClassRunner.java:42)
	at org.apache.maven.surefire.junit4.JUnit4Provider.execute(JUnit4Provider.java:252)
	at org.apache.maven.surefire.junit4.JUnit4Provider.executeTestSet(JUnit4Provider.java:141)
	at org.apache.maven.surefire.junit4.JUnit4Provider.invoke(JUnit4Provider.java:112)
	at sun.reflect.NativeMethodAccessorImpl.invoke0(Native Method)
	at sun.reflect.NativeMethodAccessorImpl.invoke(NativeMethodAccessorImpl.java:62)
	at sun.reflect.DelegatingMethodAccessorImpl.invoke(DelegatingMethodAccessorImpl.java:43)
	at java.lang.reflect.Method.invoke(Method.java:498)
	at org.apache.maven.surefire.util.ReflectionUtils.invokeMethodWithArray(ReflectionUtils.java:189)
	at org.apache.maven.surefire.booter.ProviderFactory$ProviderProxy.invoke(ProviderFactory.java:165)
	at org.apache.maven.surefire.booter.ProviderFactory.invokeProvider(ProviderFactory.java:85)
	at org.apache.maven.surefire.booter.ForkedBooter.runSuitesInProcess(ForkedBooter.java:115)
	at org.apache.maven.surefire.booter.ForkedBooter.main(ForkedBooter.java:75)
</error>
    <system-out>WARN  2019-04-28 11:42:01,621 [main] org.seasar.sastruts.example.service.EchoUsersServiceのメソッド(wait)にはアスペクトを適用できない修飾子が指定されています
WARN  2019-04-28 11:42:01,622 [main] org.seasar.sastruts.example.service.EchoUsersServiceのメソッド(wait)にはアスペクトを適用できない修飾子が指定されています
WARN  2019-04-28 11:42:01,622 [main] org.seasar.sastruts.example.service.EchoUsersServiceのメソッド(wait)にはアスペクトを適用できない修飾子が指定されています
WARN  2019-04-28 11:42:01,634 [main] org.seasar.sastruts.example.service.EchoUsersServiceのメソッド(getClass)にはアスペクトを適用できない修飾子が指定されています
WARN  2019-04-28 11:42:01,634 [main] org.seasar.sastruts.example.service.EchoUsersServiceのメソッド(notify)にはアスペクトを適用できない修飾子が指定されています
WARN  2019-04-28 11:42:01,635 [main] org.seasar.sastruts.example.service.EchoUsersServiceのメソッド(notifyAll)にはアスペクトを適用できない修飾子が指定されています
</system-out>
  </testcase>
</testsuite>